<?xml version="1.0" encoding="UTF-8"?>
<testsuite name="com.group.libraryapp.JUnitTest" tests="2" skipped="0" failures="0" errors="0" timestamp="2025-08-13T14:14:13" hostname="DESKTOP-P5VUQFA" time="0.009">
  <properties/>
  <testcase name="test1()" classname="com.group.libraryapp.JUnitTest" time="0.008"/>
  <testcase name="test2()" classname="com.group.libraryapp.JUnitTest" time="0.001"/>
  <system-out><![CDATA[Before All Test
before Test
test1
after Test
before Test
test2
after Test
After All Test
]]></system-out>
  <system-err><![CDATA[]]></system-err>
</testsuite>
